<?xml version="1.0" encoding="UTF-8"?>
<testsuites>
    <testsuite name="force.apex" timestamp="2023-03-28T22:32:29.000Z" hostname="https://l4l--lflpartial.sandbox.my.salesforce.com" tests="60" failures="0"  errors="0"  time="502.88">
        <properties>
            <property name="outcome" value="Successful"/>
            <property name="testsRan" value="60"/>
            <property name="passing" value="60"/>
            <property name="failing" value="0"/>
            <property name="skipped" value="0"/>
            <property name="passRate" value="100%"/>
            <property name="failRate" value="0%"/>
            <property name="testStartTime" value="Wed Mar 29 2023 9:32:29 AM"/>
            <property name="testExecutionTime" value="502.88 s"/>
            <property name="testTotalTime" value="502.88 s"/>
            <property name="commandTime" value="1.59 s"/>
            <property name="hostname" value="https://l4l--lflpartial.sandbox.my.salesforce.com"/>
            <property name="orgId" value="00D9n000000R9f7EAC"/>
            <property name="username" value="mikeb@lfl.hyper.lflpartial"/>
            <property name="testRunId" value="7079n00000OApkZ"/>
            <property name="userId" value="0058t000000JCHzAAO"/>
            <property name="coveredLines" value="3191"/>
            <property name="testRunCoverage" value="65%"/>
            <property name="orgWideCoverage" value="57%"/>
        </properties>
        <testcase name="testClientObjectivesFilteredOnActive" classname="TestL4LController" time="5.97">
        </testcase>
        <testcase name="testCreateClientObjectivesByArray" classname="TestL4LController" time="5.34">
        </testcase>
        <testcase name="testCreateSessionObjectivesByArrayWithOrderedResults" classname="TestL4LController" time="6.80">
        </testcase>
        <testcase name="testDeactivateCO" classname="TestL4LController" time="5.59">
        </testcase>
        <testcase name="testDeleteSessionObjectives" classname="TestL4LController" time="5.68">
        </testcase>
        <testcase name="testGetCOActivationSummary" classname="TestL4LController" time="5.43">
        </testcase>
        <testcase name="testGetClientObjectives" classname="TestL4LController" time="5.37">
        </testcase>
        <testcase name="testGetClientObjectivesForSession" classname="TestL4LController" time="5.25">
        </testcase>
        <testcase name="testGetUnusedObjectives" classname="TestL4LController" time="5.51">
        </testcase>
        <testcase name="testGetUnusedObjectivesBySearch" classname="TestL4LController" time="5.48">
        </testcase>
        <testcase name="testGetsessionObjectives" classname="TestL4LController" time="6.60">
        </testcase>
        <testcase name="testSetClientObjectivesByArray" classname="TestL4LController" time="6.46">
        </testcase>
        <testcase name="testSetSessionObjectivesByArray" classname="TestL4LController" time="5.76">
        </testcase>
        <testcase name="testGetClientObjectivesByProgram" classname="TestL4LSessionStatsController" time="11.47">
        </testcase>
        <testcase name="testGetD3Stats" classname="TestL4LSessionStatsController" time="11.67">
        </testcase>
        <testcase name="testGetD3StatsByProgram" classname="TestL4LSessionStatsController" time="11.62">
        </testcase>
        <testcase name="testGetD3StatsByProgramAndSD" classname="TestL4LSessionStatsController" time="11.88">
        </testcase>
        <testcase name="testGetHighAndLowBoundaries" classname="TestL4LSessionStatsController" time="0.51">
        </testcase>
        <testcase name="testGetsessionObjectives" classname="TestL4LSessionStatsController" time="10.69">
        </testcase>
        <testcase name="testgenerateD3AreaSDJson" classname="TestL4LSessionStatsController" time="10.96">
        </testcase>
        <testcase name="testgenerateD3ProgramAreaSDJson" classname="TestL4LSessionStatsController" time="11.15">
        </testcase>
        <testcase name="testgenerateD3ProgramAreaSDJson2" classname="TestL4LSessionStatsController" time="11.30">
        </testcase>
        <testcase name="testgetClientObjectivesSDCount" classname="TestL4LSessionStatsController" time="10.90">
        </testcase>
        <testcase name="testgetD3RetestYAxisScale" classname="TestL4LSessionStatsController" time="11.06">
        </testcase>
        <testcase name="testgetD3SessionStatsHistogramData" classname="TestL4LSessionStatsController" time="10.69">
        </testcase>
        <testcase name="testgetD3StatusYAxisScale" classname="TestL4LSessionStatsController" time="10.95">
        </testcase>
        <testcase name="testgetD3YAxisScale" classname="TestL4LSessionStatsController" time="11.14">
        </testcase>
        <testcase name="testgetProgramSetFromCO" classname="TestL4LSessionStatsController" time="10.64">
        </testcase>
        <testcase name="testgetProgramsAndSds" classname="TestL4LSessionStatsController" time="11.18">
        </testcase>
        <testcase name="testgetSDSetFromCO" classname="TestL4LSessionStatsController" time="10.57">
        </testcase>
        <testcase name="testRemoveDuplicates" classname="TestL4LSDStageMap" time="10.72">
        </testcase>
        <testcase name="testUtil" classname="TestLFLUtil" time="0.04">
        </testcase>
        <testcase name="testcomparison" classname="TestLFLSDWrapper" time="0.05">
        </testcase>
        <testcase name="Test" classname="TestL4LTimeSeries" time="11.59">
        </testcase>
        <testcase name="Test2" classname="TestL4LTimeSeries" time="12.09">
        </testcase>
        <testcase name="Test3" classname="TestL4LTimeSeries" time="11.32">
        </testcase>
        <testcase name="TestRetest" classname="TestL4LTimeSeries" time="11.74">
        </testcase>
        <testcase name="test" classname="TestL4LTimeSeriesScheduler" time="0.38">
        </testcase>
        <testcase name="test1" classname="TestLFLClientObjectiveHelper" time="10.66">
        </testcase>
        <testcase name="test1" classname="TestLFLInvocableMasteryStatistics" time="11.31">
        </testcase>
        <testcase name="test1" classname="TestLFLInvocableReportWizard" time="12.75">
        </testcase>
        <testcase name="test1" classname="TestLFLInvocableSessionStatistics" time="8.03">
        </testcase>
        <testcase name="test1" classname="TestLFLPopulateTestData" time="6.33">
        </testcase>
        <testcase name="testUpdateObjectiveStatus" classname="TestLFLProgramStatusCascadeUtil" time="5.71">
        </testcase>
        <testcase name="testUpdateSDStatus" classname="TestLFLProgramStatusCascadeUtil" time="5.55">
        </testcase>
        <testcase name="testTrg" classname="TestCascadeProgramStatusTrg" time="12.04">
        </testcase>
        <testcase name="testTrg" classname="TestCascadeSDStatusTrg" time="14.43">
        </testcase>
        <testcase name="testTrg" classname="TestDaysSinceUpdatedTrg" time="12.17">
        </testcase>
        <testcase name="testTrg" classname="TestLFLSessionStatsTrg" time="10.42">
        </testcase>
        <testcase name="testGetsessionObjectives" classname="TestClientObjectiveList" time="10.83">
        </testcase>
        <testcase name="testnebula" classname="TestL4LNebulaComponentController" time="6.11">
        </testcase>
        <testcase name="test1" classname="TestL4LExceptionRateCalculation" time="0.02">
        </testcase>
        <testcase name="test1" classname="TestL4LExceptionClientObjectiveMissing" time="0.03">
        </testcase>
        <testcase name="testDuplicateObjectivePrevention" classname="TestTrgUniqueObjectivePerClientObjective" time="11.60">
        </testcase>
        <testcase name="testbatch" classname="TestLFLTimeSeriesBatch" time="11.20">
        </testcase>
        <testcase name="test" classname="TestLFLTimeSeriesBatchScheduler" time="0.43">
        </testcase>
        <testcase name="Test1" classname="TestLFLDTDRates" time="12.94">
        </testcase>
        <testcase name="Test2" classname="TestLFLDTDRates" time="11.96">
        </testcase>
        <testcase name="Test1" classname="TestLFLDTDRateMaster" time="10.46">
        </testcase>
        <testcase name="test1" classname="TestLFLInvocableListUnusedObj" time="6.33">
        </testcase>
    </testsuite>
</testsuites>
