<?xml version="1.0" encoding="UTF-8"?>
<testsuites>
    <testsuite name="force.apex" timestamp="2023-03-28T21:43:27.000Z" hostname="https://l4l--lflpartial.sandbox.my.salesforce.com" tests="58" failures="0"  errors="0"  time="445.51">
        <properties>
            <property name="outcome" value="Successful"/>
            <property name="testsRan" value="58"/>
            <property name="passing" value="58"/>
            <property name="failing" value="0"/>
            <property name="skipped" value="0"/>
            <property name="passRate" value="100%"/>
            <property name="failRate" value="0%"/>
            <property name="testStartTime" value="Wed Mar 29 2023 8:43:27 AM"/>
            <property name="testExecutionTime" value="445.51 s"/>
            <property name="testTotalTime" value="445.51 s"/>
            <property name="commandTime" value="1.57 s"/>
            <property name="hostname" value="https://l4l--lflpartial.sandbox.my.salesforce.com"/>
            <property name="orgId" value="00D9n000000R9f7EAC"/>
            <property name="username" value="mikeb@lfl.hyper.lflpartial"/>
            <property name="testRunId" value="7079n00000OAlLR"/>
            <property name="userId" value="0058t000000JCHzAAO"/>
            <property name="coveredLines" value="3175"/>
            <property name="testRunCoverage" value="65%"/>
            <property name="orgWideCoverage" value="57%"/>
        </properties>
        <testcase name="testClientObjectivesFilteredOnActive" classname="TestL4LController" time="5.94">
        </testcase>
        <testcase name="testCreateClientObjectivesByArray" classname="TestL4LController" time="5.30">
        </testcase>
        <testcase name="testCreateSessionObjectivesByArrayWithOrderedResults" classname="TestL4LController" time="6.78">
        </testcase>
        <testcase name="testDeactivateCO" classname="TestL4LController" time="5.87">
        </testcase>
        <testcase name="testDeleteSessionObjectives" classname="TestL4LController" time="5.53">
        </testcase>
        <testcase name="testGetCOActivationSummary" classname="TestL4LController" time="5.57">
        </testcase>
        <testcase name="testGetClientObjectives" classname="TestL4LController" time="5.85">
        </testcase>
        <testcase name="testGetClientObjectivesForSession" classname="TestL4LController" time="5.63">
        </testcase>
        <testcase name="testGetUnusedObjectives" classname="TestL4LController" time="5.84">
        </testcase>
        <testcase name="testGetUnusedObjectivesBySearch" classname="TestL4LController" time="5.76">
        </testcase>
        <testcase name="testGetsessionObjectives" classname="TestL4LController" time="5.52">
        </testcase>
        <testcase name="testSetClientObjectivesByArray" classname="TestL4LController" time="5.68">
        </testcase>
        <testcase name="testSetSessionObjectivesByArray" classname="TestL4LController" time="5.06">
        </testcase>
        <testcase name="testGetClientObjectivesByProgram" classname="TestL4LSessionStatsController" time="11.14">
        </testcase>
        <testcase name="testGetD3Stats" classname="TestL4LSessionStatsController" time="11.51">
        </testcase>
        <testcase name="testGetD3StatsByProgram" classname="TestL4LSessionStatsController" time="11.31">
        </testcase>
        <testcase name="testGetD3StatsByProgramAndSD" classname="TestL4LSessionStatsController" time="11.45">
        </testcase>
        <testcase name="testGetHighAndLowBoundaries" classname="TestL4LSessionStatsController" time="0.47">
        </testcase>
        <testcase name="testGetsessionObjectives" classname="TestL4LSessionStatsController" time="10.59">
        </testcase>
        <testcase name="testgenerateD3AreaSDJson" classname="TestL4LSessionStatsController" time="10.82">
        </testcase>
        <testcase name="testgenerateD3ProgramAreaSDJson" classname="TestL4LSessionStatsController" time="10.05">
        </testcase>
        <testcase name="testgenerateD3ProgramAreaSDJson2" classname="TestL4LSessionStatsController" time="9.93">
        </testcase>
        <testcase name="testgetClientObjectivesSDCount" classname="TestL4LSessionStatsController" time="10.04">
        </testcase>
        <testcase name="testgetD3RetestYAxisScale" classname="TestL4LSessionStatsController" time="10.53">
        </testcase>
        <testcase name="testgetD3SessionStatsHistogramData" classname="TestL4LSessionStatsController" time="10.33">
        </testcase>
        <testcase name="testgetD3StatusYAxisScale" classname="TestL4LSessionStatsController" time="10.84">
        </testcase>
        <testcase name="testgetD3YAxisScale" classname="TestL4LSessionStatsController" time="10.82">
        </testcase>
        <testcase name="testgetProgramsAndSds" classname="TestL4LSessionStatsController" time="10.47">
        </testcase>
        <testcase name="testRemoveDuplicates" classname="TestL4LSDStageMap" time="5.65">
        </testcase>
        <testcase name="testUtil" classname="TestLFLUtil" time="0.02">
        </testcase>
        <testcase name="testcomparison" classname="TestLFLSDWrapper" time="0.02">
        </testcase>
        <testcase name="Test" classname="TestL4LTimeSeries" time="5.77">
        </testcase>
        <testcase name="Test2" classname="TestL4LTimeSeries" time="5.56">
        </testcase>
        <testcase name="Test3" classname="TestL4LTimeSeries" time="5.69">
        </testcase>
        <testcase name="TestRetest" classname="TestL4LTimeSeries" time="6.19">
        </testcase>
        <testcase name="test" classname="TestL4LTimeSeriesScheduler" time="0.25">
        </testcase>
        <testcase name="test1" classname="TestLFLClientObjectiveHelper" time="10.88">
        </testcase>
        <testcase name="test1" classname="TestLFLInvocableMasteryStatistics" time="11.01">
        </testcase>
        <testcase name="test1" classname="TestLFLInvocableReportWizard" time="13.38">
        </testcase>
        <testcase name="test1" classname="TestLFLInvocableSessionStatistics" time="16.26">
        </testcase>
        <testcase name="test1" classname="TestLFLPopulateTestData" time="10.83">
        </testcase>
        <testcase name="testUpdateObjectiveStatus" classname="TestLFLProgramStatusCascadeUtil" time="5.76">
        </testcase>
        <testcase name="testUpdateSDStatus" classname="TestLFLProgramStatusCascadeUtil" time="5.07">
        </testcase>
        <testcase name="testTrg" classname="TestCascadeProgramStatusTrg" time="13.72">
        </testcase>
        <testcase name="testTrg" classname="TestCascadeSDStatusTrg" time="11.59">
        </testcase>
        <testcase name="testTrg" classname="TestDaysSinceUpdatedTrg" time="14.67">
        </testcase>
        <testcase name="testTrg" classname="TestLFLSessionStatsTrg" time="11.86">
        </testcase>
        <testcase name="testGetsessionObjectives" classname="TestClientObjectiveList" time="11.69">
        </testcase>
        <testcase name="testnebula" classname="TestL4LNebulaComponentController" time="5.83">
        </testcase>
        <testcase name="test1" classname="TestL4LExceptionRateCalculation" time="0.03">
        </testcase>
        <testcase name="test1" classname="TestL4LExceptionClientObjectiveMissing" time="0.03">
        </testcase>
        <testcase name="testDuplicateObjectivePrevention" classname="TestTrgUniqueObjectivePerClientObjective" time="10.76">
        </testcase>
        <testcase name="testbatch" classname="TestLFLTimeSeriesBatch" time="12.16">
        </testcase>
        <testcase name="test" classname="TestLFLTimeSeriesBatchScheduler" time="0.48">
        </testcase>
        <testcase name="Test1" classname="TestLFLDTDRates" time="5.24">
        </testcase>
        <testcase name="Test2" classname="TestLFLDTDRates" time="5.20">
        </testcase>
        <testcase name="Test1" classname="TestLFLDTDRateMaster" time="4.76">
        </testcase>
        <testcase name="test1" classname="TestLFLInvocableListUnusedObj" time="10.54">
        </testcase>
    </testsuite>
</testsuites>
