<?xml version="1.0" encoding="UTF-8"?>
<testsuites>
    <testsuite name="force.apex" timestamp="2023-03-15T21:30:05.000Z" hostname="https://l4l--lflpartial.sandbox.my.salesforce.com" tests="1" failures="0"  errors="0"  time="0.02">
        <properties>
            <property name="outcome" value="Successful"/>
            <property name="testsRan" value="1"/>
            <property name="passing" value="1"/>
            <property name="failing" value="0"/>
            <property name="skipped" value="0"/>
            <property name="passRate" value="100%"/>
            <property name="failRate" value="0%"/>
            <property name="testStartTime" value="Thu Mar 16 2023 8:30:05 AM"/>
            <property name="testExecutionTime" value="0.02 s"/>
            <property name="testTotalTime" value="0.02 s"/>
            <property name="commandTime" value="1.59 s"/>
            <property name="hostname" value="https://l4l--lflpartial.sandbox.my.salesforce.com"/>
            <property name="orgId" value="00D9n000000R9f7EAC"/>
            <property name="username" value="mikeb@lfl.hyper.lflpartial"/>
            <property name="testRunId" value="7079n00000NFxWZ"/>
            <property name="userId" value="0058t000000JCHzAAO"/>
            <property name="coveredLines" value="0"/>
            <property name="testRunCoverage" value="0%"/>
            <property name="orgWideCoverage" value="35%"/>
        </properties>
        <testcase name="test1" classname="TestL4LExceptionRateCalculation" time="0.02">
        </testcase>
    </testsuite>
</testsuites>
